1644595572483	geckodriver	INFO	Listening on 127.0.0.1:54774
1644595575532	mozrunner::runner	INFO	Running command: "C:\\Program Files\\Mozilla Firefox\\firefox.exe" "--marionette" "--remote-debugging-port" "54775" "-no-remote" "-profile" "C:\\Users\\guimo\\AppData\\Local\\Temp\\rust_mozprofileKBL6Ui"
1644595576299	Marionette	INFO	Marionette enabled
console.warn: SearchSettings: "get: No settings file exists, new profile?" (new NotFoundError("Could not open the file at C:\\Users\\guimo\\AppData\\Local\\Temp\\rust_mozprofileKBL6Ui\\search.json.mozlz4", (void 0)))
DevTools listening on ws://localhost:54775/devtools/browser/52f5e433-5edb-4750-8e80-2223cab8f306
1644595578302	Marionette	INFO	Listening on port 54782
1644595578732	RemoteAgent	WARN	TLS certificate errors will be ignored for this session
JavaScript warning: https://images-na.ssl-images-amazon.com/images/I/61XKxrBtDVL.js?AUIClients/AmazonUIjQuery, line 54: Using //@ to indicate sourceURL pragmas is deprecated. Use //# instead
1644595586082	Marionette	INFO	Stopped listening on port 54782
console.warn: TopSitesFeed: Failed to fetch data from Contile server: NetworkError when attempting to fetch resource.
1644595681750	geckodriver	INFO	Listening on 127.0.0.1:55016
1644595684860	mozrunner::runner	INFO	Running command: "C:\\Program Files\\Mozilla Firefox\\firefox.exe" "--marionette" "--remote-debugging-port" "55017" "-no-remote" "-profile" "C:\\Users\\guimo\\AppData\\Local\\Temp\\rust_mozprofileWNHMh1"
1644595685226	Marionette	INFO	Marionette enabled
console.warn: SearchSettings: "get: No settings file exists, new profile?" (new NotFoundError("Could not open the file at C:\\Users\\guimo\\AppData\\Local\\Temp\\rust_mozprofileWNHMh1\\search.json.mozlz4", (void 0)))
DevTools listening on ws://localhost:55017/devtools/browser/2bb3a19d-ee81-4587-a3ed-5f91342bec0b
1644595686851	Marionette	INFO	Listening on port 55025
1644595686918	RemoteAgent	WARN	TLS certificate errors will be ignored for this session
JavaScript warning: https://images-na.ssl-images-amazon.com/images/I/61XKxrBtDVL.js?AUIClients/AmazonUIjQuery, line 54: Using //@ to indicate sourceURL pragmas is deprecated. Use //# instead
1644595696582	Marionette	INFO	Stopped listening on port 55025

###!!! [Child][PContentChild] Error: RunMessage(msgname=PHttpChannel::Msg_DeleteSelf) Channel closing: too late to send/recv, messages will be lost

console.warn: TopSitesFeed: Failed to fetch data from Contile server: NetworkError when attempting to fetch resource.
1644595912095	geckodriver	INFO	Listening on 127.0.0.1:52570
1644595915157	mozrunner::runner	INFO	Running command: "C:\\Program Files\\Mozilla Firefox\\firefox.exe" "--marionette" "--remote-debugging-port" "52571" "-no-remote" "-profile" "C:\\Users\\guimo\\AppData\\Local\\Temp\\rust_mozprofileEqZU02"
1644595915515	Marionette	INFO	Marionette enabled
console.warn: SearchSettings: "get: No settings file exists, new profile?" (new NotFoundError("Could not open the file at C:\\Users\\guimo\\AppData\\Local\\Temp\\rust_mozprofileEqZU02\\search.json.mozlz4", (void 0)))
DevTools listening on ws://localhost:52571/devtools/browser/310bae30-cde5-4f17-8917-4c15bbe95527
1644595917067	Marionette	INFO	Listening on port 52580
1644595917212	RemoteAgent	WARN	TLS certificate errors will be ignored for this session
JavaScript warning: https://images-na.ssl-images-amazon.com/images/I/61XKxrBtDVL.js?AUIClients/AmazonUIjQuery, line 54: Using //@ to indicate sourceURL pragmas is deprecated. Use //# instead
1644595929234	Marionette	INFO	Stopped listening on port 52580
console.warn: TopSitesFeed: Failed to fetch data from Contile server: NetworkError when attempting to fetch resource.

###!!! [Parent][PGPUParent] Error: RunMessage(msgname=PGPU::Msg_ShutdownVR) Channel closing: too late to send/recv, messages will be lost

1644595932537	geckodriver	INFO	Listening on 127.0.0.1:52737
1644595935579	mozrunner::runner	INFO	Running command: "C:\\Program Files\\Mozilla Firefox\\firefox.exe" "--marionette" "--remote-debugging-port" "52738" "-no-remote" "-profile" "C:\\Users\\guimo\\AppData\\Local\\Temp\\rust_mozprofileKtH8ix"
1644595935906	Marionette	INFO	Marionette enabled
console.warn: SearchSettings: "get: No settings file exists, new profile?" (new NotFoundError("Could not open the file at C:\\Users\\guimo\\AppData\\Local\\Temp\\rust_mozprofileKtH8ix\\search.json.mozlz4", (void 0)))
DevTools listening on ws://localhost:52738/devtools/browser/b0e4f5ce-8cb1-469f-9f55-f56f93b58821
1644595937411	Marionette	INFO	Listening on port 52747
1644595937629	RemoteAgent	WARN	TLS certificate errors will be ignored for this session
JavaScript warning: https://images-na.ssl-images-amazon.com/images/I/61XKxrBtDVL.js?AUIClients/AmazonUIjQuery, line 54: Using //@ to indicate sourceURL pragmas is deprecated. Use //# instead
1644595955947	Marionette	INFO	Stopped listening on port 52747
console.warn: TopSitesFeed: Failed to fetch data from Contile server: NetworkError when attempting to fetch resource.
1644596019934	geckodriver	INFO	Listening on 127.0.0.1:64114
1644596022980	mozrunner::runner	INFO	Running command: "C:\\Program Files\\Mozilla Firefox\\firefox.exe" "--marionette" "--remote-debugging-port" "64115" "-no-remote" "-profile" "C:\\Users\\guimo\\AppData\\Local\\Temp\\rust_mozprofilem2K546"
1644596023275	Marionette	INFO	Marionette enabled
console.warn: SearchSettings: "get: No settings file exists, new profile?" (new NotFoundError("Could not open the file at C:\\Users\\guimo\\AppData\\Local\\Temp\\rust_mozprofilem2K546\\search.json.mozlz4", (void 0)))
DevTools listening on ws://localhost:64115/devtools/browser/a2f9ffea-6596-46c0-aace-160cb032a552
1644596024763	Marionette	INFO	Listening on port 64122
1644596025038	RemoteAgent	WARN	TLS certificate errors will be ignored for this session
JavaScript warning: https://images-na.ssl-images-amazon.com/images/I/61XKxrBtDVL.js?AUIClients/AmazonUIjQuery, line 54: Using //@ to indicate sourceURL pragmas is deprecated. Use //# instead
1644596033803	Marionette	INFO	Stopped listening on port 64122
console.warn: TopSitesFeed: Failed to fetch data from Contile server: NetworkError when attempting to fetch resource.

###!!! [Parent][PGPUParent] Error: RunMessage(msgname=PGPU::Msg_ShutdownVR) Channel closing: too late to send/recv, messages will be lost

1644596056462	geckodriver	INFO	Listening on 127.0.0.1:64301
1644596059536	mozrunner::runner	INFO	Running command: "C:\\Program Files\\Mozilla Firefox\\firefox.exe" "--marionette" "--remote-debugging-port" "64302" "-no-remote" "-profile" "C:\\Users\\guimo\\AppData\\Local\\Temp\\rust_mozprofileXN0GGR"
1644596059832	Marionette	INFO	Marionette enabled
console.warn: SearchSettings: "get: No settings file exists, new profile?" (new NotFoundError("Could not open the file at C:\\Users\\guimo\\AppData\\Local\\Temp\\rust_mozprofileXN0GGR\\search.json.mozlz4", (void 0)))
DevTools listening on ws://localhost:64302/devtools/browser/71bd53b3-e6d7-46ae-980f-9f628d8c448d
1644596061599	Marionette	INFO	Listening on port 64312
1644596061698	RemoteAgent	WARN	TLS certificate errors will be ignored for this session
JavaScript warning: https://images-na.ssl-images-amazon.com/1644596092665	mozrunner::runner	INFO	Running command: "C:\\Program Files\\Mozilla Firefox\\firefox.exe" "--marionette" "--remote-debugging-port" "64477" "-no-remote" "-profile" "C:\\Users\\guimo\\AppData\\Local\\Temp\\rust_mozprofileh2vcMJ"
1644596092949	Marionette	INFO	Marionette enabled
console.warn: SearchSettings: "get: No settings file exists, new profile?" (new NotFoundError("Could not open the file at C:\\Users\\guimo\\AppData\\Local\\Temp\\rust_mozprofileh2vcMJ\\search.json.mozlz4", (void 0)))
DevTools listening on ws://localhost:64477/devtools/browser/99a67842-0aff-48d1-ac3d-f1898a30d901
1644596094445	Marionette	INFO	Listening on port 64491
1644596094722	RemoteAgent	WARN	TLS certificate errors will be ignored for this session
JavaScript warning: https://images-na.ssl-images-amazon.com/images/I/61XKxrBtDVL.js?AUIClients/AmazonUIjQuery, line 54: Using //@ to indicate sourceURL pragmas is deprecated. Use //# instead
1644596301782	Marionette	INFO	Stopped listening on port 64491
JavaScript error: , line 0: TypeError: NetworkError when attempting to fetch resource.
JavaScript error: , line 0: TypeError: NetworkError when attempting to fetch resource.
JavaScript error: , line 0: TypeError: NetworkError when attempting to fetch resource.
console.warn: TopSitesFeed: Failed to fetch data from Contile server: NetworkError when attempting to fetch resource.
Could not open the file at C:\\Users\\guimo\\AppData\\Local\\Temp\\rust_mozprofileLiGRKQ\\search.json.mozlz4", (void 0)))
DevTools listening on ws://localhost:50750/devtools/browser/88352307-8b15-41c9-b087-810109e6184a
1644596199113	Marionette	INFO	Listening on port 50760
1644596199382	RemoteAgent	WARN	TLS certificate errors will be ignored for this session
JavaScript warning: https://images-na.ssl-images-amazon.com/images/I/61XKxrBtDVL.js?AUIClients/AmazonUIjQuery, line 54: Using //@ to indicate sourceURL pragmas is deprecated. Use //# instead
1644596206732	Marionette	INFO	Stopped listening on port 50760

###!!! [Parent][PGPUParent] Error: RunMessage(msgname=PGPU::Msg_ShutdownVR) Channel closing: too late to send/recv, messages will be lost

1644596300092	geckodriver	INFO	Listening on 127.0.0.1:49399
1644596303141	mozrunner::runner	INFO	Running command: "C:\\Program Files\\Mozilla Firefox\\firefox.exe" "--marionette" "--remote-debugging-port" "49401" "-no-remote" "-profile" "C:\\Users\\guimo\\AppData\\Local\\Temp\\rust_mozprofileFQ7IzD"
1644596303454	Marionette	INFO	Marionette enabled
console.warn: SearchSettings: "get: No settings file exists, new profile?" (new NotFoundError("Could not open the file at C:\\Users\\guimo\\AppData\\Local\\Temp\\rust_mozprofileFQ7IzD\\search.json.mozlz4", (void 0)))
DevTools listening on ws://localhost:49401/devtools/browser/01947f64-038b-4fba-8ac3-a85c55c024be
1644596305073	Marionette	INFO	Listening on port 49414
1644596305185	RemoteAgent	WARN	TLS certificate errors will be ignored for this session
JavaScript warning: https://images-na.ssl-images-amazon.com/images/I/61XKxrBtDVL.js?AUIClients/AmazonUIjQuery, line 54: Using //@ to indicate sourceURL pragmas is deprecated. Use //# instead
1644596377023	Marionette	INFO	Stopped listening on port 49414
console.warn: TopSitesFeed: Failed to fetch data from Contile server: NetworkError when attempting to fetch resource.

###!!! [Parent][PGPUParent] Error: RunMessage(msgname=PGPU::Msg_ShutdownVR) Channel closing: too late to send/recv, messages will be lost

	INFO	Marionette enabled
console.warn: SearchSettings: "get: No settings file exists, new profile?" (new NotFoundError("Could not open the file at C:\\Users\\guimo\\AppData\\Local\\Temp\\rust_mozprofilewMvrwq\\search.json.mozlz4", (void 0)))
DevTools listening on ws://localhost:49642/devtools/browser/ea98c8ba-c191-45e8-8952-4b18c3175a42
1644596361895	Marionette	INFO	Listening on port 49654
1644596362038	RemoteAgent	WARN	TLS certificate errors will be ignored for this session
1644596369559	Marionette	INFO	Stopped listening on port 49654

###!!! [Parent][PGPUParent] Error: RunMessage(msgname=PGPU::Msg_ShutdownVR) Channel closing: too late to send/recv, messages will be lost

1644596412555	geckodriver	INFO	Listening on 127.0.0.1:49789
1644596415609	mozrunner::runner	INFO	Running command: "C:\\Program Files\\Mozilla Firefox\\firefox.exe" "--marionette" "--remote-debugging-port" "49790" "-no-remote" "-profile" "C:\\Users\\guimo\\AppData\\Local\\Temp\\rust_mozprofileMUqOgw"
1644596415865	Marionette	INFO	Marionette enabled
console.warn: SearchSettings: "get: No settings file exists, new profile?" (new NotFoundError("Could not open the file at C:\\Users\\guimo\\AppData\\Local\\Temp\\rust_mozprofileMUqOgw\\search.json.mozlz4", (void 0)))
DevTools listening on ws://localhost:49790/devtools/browser/c5fa80de-abda-477b-b501-4d978b8ab009
1644596417529	Marionette	INFO	Listening on port 49800
1644596417665	RemoteAgent	WARN	TLS certificate errors will be ignored for this session
JavaScript warning: https://images-na.ssl-images-amazon.com/images/I/61XKxrBtDVL.js?AUIClients/AmazonUIjQuery, line 54: Using //@ to indicate sourceURL pragmas is deprecated. Use //# instead
1644596425523	Marionette	INFO	Stopped listening on port 49800

###!!! [Parent][PGPUParent] Error: RunMessage(msgname=PGPU::Msg_ShutdownVR) Channel closing: too late to send/recv, messages will be lost

1644596614047	geckodriver	INFO	Listening on 127.0.0.1:49185
1644596617126	mozrunner::runner	INFO	Running command: "C:\\Program Files\\Mozilla Firefox\\firefox.exe" "--marionette" "--remote-debugging-port" "49186" "-no-remote" "-profile" "C:\\Users\\guimo\\AppData\\Local\\Temp\\rust_mozprofiles5IfLU"
1644596617378	Marionette	INFO	Marionette enabled
console.warn: SearchSettings: "get: No settings file exists, new profile?" (new NotFoundError("Could not open the file at C:\\Users\\guimo\\AppData\\Local\\Temp\\rust_mozprofiles5IfLU\\search.json.mozlz4", (void 0)))
DevTools listening on ws://localhost:49186/devtools/browser/0508d720-7baa-44ba-8aa3-2c43030e25dc
1644596618847	Marionette	INFO	Listening on port 49196
1644596619192	RemoteAgent	WARN	TLS certificate errors will be ignored for this session
JavaScript warning: https://images-na.ssl-images-amazon.com/images/I/61XKxrBtDVL.js?AUIClients/AmazonUIjQuery, line 54: Using //@ to indicate sourceURL pragmas is deprecated. Use //# instead
1644596626482	Marionette	INFO	Stopped listening on port 49196
1644596631313	geckodriver	INFO	Listening on 127.0.0.1:49338
1644596634367	mozrunner::runner	INFO	Running command: "C:\\Program Files\\Mozilla Firefox\\firefox.exe" "--marionette" "--remote-debugging-port" "49339" "-no-remote" "-profile" "C:\\Users\\guimo\\AppData\\Local\\Temp\\rust_mozprofileB7MHdU"
1644596634649	Marionette	INFO	Marionette enabled
console.warn: SearchSettings: "get: No settings file exists, new profile?" (new NotFoundError("Could not open the file at C:\\Users\\guimo\\AppData\\Local\\Temp\\rust_mozprofileB7MHdU\\search.json.mozlz4", (void 0)))
DevTools listening on ws://localhost:49339/devtools/browser/88b45b28-9941-430f-8b52-17f752282860
1644596636221	Marionette	INFO	Listening on port 49346
1644596636424	RemoteAgent	WARN	TLS certificate errors will be ignored for this session
JavaScript warning: https://images-na.ssl-images-amazon.com/images/I/61XKxrBtDVL.js?AUIClients/AmazonUIjQuery, line 54: Using //@ to indicate sourceURL pragmas is deprecated. Use //# instead
1644596643032	Marionette	INFO	Stopped listening on port 49346

###!!! [Child][PContentChild] Error: Send(msgname=PNecko::Msg_RemoveRequestContext) Channel closing: too late to send/recv, messages will be lost

1644596651253	geckodriver	INFO	Listening on 127.0.0.1:49506
1644596654323	mozrunner::runner	INFO	Running command: "C:\\Program Files\\Mozilla Firefox\\firefox.exe" "--marionette" "--remote-debugging-port" "49507" "-no-remote" "-profile" "C:\\Users\\guimo\\AppData\\Local\\Temp\\rust_mozprofilew7SboJ"
1644596654569	Marionette	INFO	Marionette enabled
console.warn: SearchSettings: "get: No settings file exists, new profile?" (new NotFoundError("Could not open the file at C:\\Users\\guimo\\AppData\\Local\\Temp\\rust_mozprofilew7SboJ\\search.json.mozlz4", (void 0)))
DevTools listening on ws://localhost:49507/devtools/browser/23098e41-ee94-4eb7-b09c-0c9e7560c577
1644596656183	Marionette	INFO	Listening on port 49514
1644596656371	RemoteAgent	WARN	TLS certificate errors will be ignored for this session
JavaScript warning: https://images-na.ssl-images-amazon.com/images/I/61XKxrBtDVL.js?AUIClients/AmazonUIjQuery, line 54: Using //@ to indicate sourceURL pragmas is deprecated. Use //# instead
1644596662849	Marionette	INFO	Stopped listening on port 49514

###!!! [Child][PContentChild] Error: Send(msgname=PCookieService::Msg_SetCookies) Channel closing: too late to send/recv, messages will be lost


###!!! [Child][PContentChild] Error: Send(msgname=PHttpChannel::Msg_DeletingChannel) Channel closing: too late to send/recv, messages will be lost


###!!! [Child][PContentChild] Error: Send(msgname=PCookieService::Msg_SetCookies) Channel closing: too late to send/recv, messages will be lost


###!!! [Child][PContentChild] Error: Send(msgname=PHttpChannel::Msg_DeletingChannel) Channel closing: too late to send/recv, messages will be lost


###!!! [Parent][PGPUParent] Error: RunMessage(msgname=PGPU::Msg_ShutdownVR) Channel closing: too late to send/recv, messages will be lost

1644597155503	geckodriver	INFO	Listening on 127.0.0.1:60004
1644597158563	mozrunner::runner	INFO	Running command: "C:\\Program Files\\Mozilla Firefox\\firefox.exe" "--marionette" "--remote-debugging-port" "60005" "-no-remote" "-profile" "C:\\Users\\guimo\\AppData\\Local\\Temp\\rust_mozprofileLsJji9"
1644597158832	Marionette	INFO	Marionette enabled
console.warn: SearchSettings: "get: No settings file exists, new profile?" (new NotFoundError("Could not open the file at C:\\Users\\guimo\\AppData\\Local\\Temp\\rust_mozprofileLsJji9\\search.json.mozlz4", (void 0)))
DevTools listening on ws://localhost:60005/devtools/browser/60ae5f57-a610-4cad-a16d-f07ba7e5da7c
1644597160532	Marionette	INFO	Listening on port 60012
1644597160616	RemoteAgent	WARN	TLS certificate errors will be ignored for this session
JavaScript warning: https://images-na.ssl-images-amazon.com/images/I/61XKxrBtDVL.js?AUIClients/AmazonUIjQuery, line 54: Using //@ to indicate sourceURL pragmas is deprecated. Use //# instead
1644597167975	Marionette	INFO	Stopped listening on port 60012
1644597210234	geckodriver	INFO	Listening on 127.0.0.1:60704
1644597213302	mozrunner::runner	INFO	Running command: "C:\\Program Files\\Mozilla Firefox\\firefox.exe" "--marionette" "--remote-debugging-port" "60705" "-no-remote" "-profile" "C:\\Users\\guimo\\AppData\\Local\\Temp\\rust_mozprofileq9yqna"
1644597213576	Marionette	INFO	Marionette enabled
console.warn: SearchSettings: "get: No settings file exists, new profile?" (new NotFoundError("Could not open the file at C:\\Users\\guimo\\AppData\\Local\\Temp\\rust_mozprofileq9yqna\\search.json.mozlz4", (void 0)))
DevTools listening on ws://localhost:60705/devtools/browser/4db616a0-0448-4566-8a70-dda0de59ce0e
1644597214985	Marionette	INFO	Listening on port 60712
1644597215357	RemoteAgent	WARN	TLS certificate errors will be ignored for this session
JavaScript warning: https://images-na.ssl-images-amazon.com/images/I/61XKxrBtDVL.js?AUIClients/AmazonUIjQuery, line 54: Using //@ to indicate sourceURL pragmas is deprecated. Use //# instead
1644597223092	Marionette	INFO	Stopped listening on port 60712

###!!! [Parent][PGPUParent] Error: RunMessage(msgname=PGPU::Msg_ShutdownVR) Channel closing: too late to send/recv, messages will be lost

1644597248489	geckodriver	INFO	Listening on 127.0.0.1:62815
1644597251573	mozrunner::runner	INFO	Running command: "C:\\Program Files\\Mozilla Firefox\\firefox.exe" "--marionette" "--remote-debugging-port" "62816" "-no-remote" "-profile" "C:\\Users\\guimo\\AppData\\Local\\Temp\\rust_mozprofileRxhbwp"
1644597251843	Marionette	INFO	Marionette enabled
console.warn: SearchSettings: "get: No settings file exists, new profile?" (new NotFoundError("Could not open the file at C:\\Users\\guimo\\AppData\\Local\\Temp\\rust_mozprofileRxhbwp\\search.json.mozlz4", (void 0)))
DevTools listening on ws://localhost:62816/devtools/browser/dfe3c0db-12f1-459c-b523-d205bfe81404
1644597253458	Marionette	INFO	Listening on port 62826
1644597253636	RemoteAgent	WARN	TLS certificate errors will be ignored for this session
JavaScript warning: https://images-na.ssl-images-amazon.com/images/I/61XKxrBtDVL.js?AUIClients/AmazonUIjQuery, line 54: Using //@ to indicate sourceURL pragmas is deprecated. Use //# instead
1644597261203	Marionette	INFO	Stopped listening on port 62826

###!!! [Parent][PGPUParent] Error: RunMessage(msgname=PGPU::Msg_ShutdownVR) Channel closing: too late to send/recv, messages will be lost

1644597304023	geckodriver	INFO	Listening on 127.0.0.1:63002
1644597307087	mozrunner::runner	INFO	Running command: "C:\\Program Files\\Mozilla Firefox\\firefox.exe" "--marionette" "--remote-debugging-port" "63003" "-no-remote" "-profile" "C:\\Users\\guimo\\AppData\\Local\\Temp\\rust_mozprofile3FUsUk"
1644597307340	Marionette	INFO	Marionette enabled
console.warn: SearchSettings: "get: No settings file exists, new profile?" (new NotFoundError("Could not open the file at C:\\Users\\guimo\\AppData\\Local\\Temp\\rust_mozprofile3FUsUk\\search.json.mozlz4", (void 0)))
DevTools listening on ws://localhost:63003/devtools/browser/836c19ca-40ac-46e5-b61a-b8495b96421a
1644597308878	Marionette	INFO	Listening on port 63010
1644597309142	RemoteAgent	WARN	TLS certificate errors will be ignored for this session
1644597316453	Marionette	INFO	Stopped listening on port 63010

###!!! [Parent][PGPUParent] Error: RunMessage(msgname=PGPU::Msg_ShutdownVR) Channel closing: too late to send/recv, messages will be lost

1644598683387	geckodriver	INFO	Listening on 127.0.0.1:63360
1644598686438	mozrunner::runner	INFO	Running command: "C:\\Program Files\\Mozilla Firefox\\firefox.exe" "--marionette" "--remote-debugging-port" "63361" "-no-remote" "-profile" "C:\\Users\\guimo\\AppData\\Local\\Temp\\rust_mozprofileaxNX5L"
1644598686825	Marionette	INFO	Marionette enabled
console.warn: SearchSettings: "get: No settings file exists, new profile?" (new NotFoundError("Could not open the file at C:\\Users\\guimo\\AppData\\Local\\Temp\\rust_mozprofileaxNX5L\\search.json.mozlz4", (void 0)))
DevTools listening on ws://localhost:63361/devtools/browser/360d7fad-90ce-4a2d-ae0d-4bdbbc0645fe
1644598688443	Marionette	INFO	Listening on port 63368
1644598688488	RemoteAgent	WARN	TLS certificate errors will be ignored for this session
1644598696293	Marionette	INFO	Stopped listening on port 63368
1644598715019	geckodriver	INFO	Listening on 127.0.0.1:58063
1644598718074	mozrunner::runner	INFO	Running command: "C:\\Program Files\\Mozilla Firefox\\firefox.exe" "--marionette" "--remote-debugging-port" "58064" "-no-remote" "-profile" "C:\\Users\\guimo\\AppData\\Local\\Temp\\rust_mozprofileZdWEMc"
1644598718460	Marionette	INFO	Marionette enabled
console.warn: SearchSettings: "get: No settings file exists, new profile?" (new NotFoundError("Could not open the file at C:\\Users\\guimo\\AppData\\Local\\Temp\\rust_mozprofileZdWEMc\\search.json.mozlz4", (void 0)))
DevTools listening on ws://localhost:58064/devtools/browser/b0adbfff-3b74-441d-9e9d-407caa7a7079
1644598719966	Marionette	INFO	Listening on port 58071
1644598720139	RemoteAgent	WARN	TLS certificate errors will be ignored for this session
1644598728148	Marionette	INFO	Stopped listening on port 58071
[Parent 10536, IPC I/O Parent] WARNING: file /builds/worker/checkouts/gecko/ipc/chromium/src/base/process_util_win.cc:167
1644599431546	geckodriver	INFO	Listening on 127.0.0.1:52527
1644599434590	mozrunner::runner	INFO	Running command: "C:\\Program Files\\Mozilla Firefox\\firefox.exe" "--marionette" "--remote-debugging-port" "52528" "-no-remote" "-profile" "C:\\Users\\guimo\\AppData\\Local\\Temp\\rust_mozprofile65o3yq"
1644599434863	Marionette	INFO	Marionette enabled
console.warn: SearchSettings: "get: No settings file exists, new profile?" (new NotFoundError("Could not open the file at C:\\Users\\guimo\\AppData\\Local\\Temp\\rust_mozprofile65o3yq\\search.json.mozlz4", (void 0)))
DevTools listening on ws://localhost:52528/devtools/browser/5ffd8c2f-caea-4d4c-964c-eb7addce7ee1
1644599436428	Marionette	INFO	Listening on port 52539
1644599436649	RemoteAgent	WARN	TLS certificate errors will be ignored for this session
JavaScript warning: https://images-na.ssl-images-amazon.com/images/I/61XKxrBtDVL.js?AUIClients/AmazonUIjQuery, line 54: Using //@ to indicate sourceURL pragmas is deprecated. Use //# instead
1644599444064	Marionette	INFO	Stopped listening on port 52539
1644687841586	geckodriver	INFO	Listening on 127.0.0.1:54876
1644687844610	mozrunner::runner	INFO	Running command: "C:\\Program Files\\Mozilla Firefox\\firefox.exe" "--marionette" "--remote-debugging-port" "54877" "-no-remote" "-profile" "C:\\Users\\guimo\\AppData\\Local\\Temp\\rust_mozprofileHqAwu0"
1644687845433	Marionette	INFO	Marionette enabled
console.warn: SearchSettings: "get: No settings file exists, new profile?" (new NotFoundError("Could not open the file at C:\\Users\\guimo\\AppData\\Local\\Temp\\rust_mozprofileHqAwu0\\search.json.mozlz4", (void 0)))
DevTools listening on ws://localhost:54877/devtools/browser/742571a5-3f30-4618-acf4-270b3e467c00
1644687847413	Marionette	INFO	Listening on port 54883
1644687847800	RemoteAgent	WARN	TLS certificate errors will be ignored for this session
1644687855660	Marionette	INFO	Stopped listening on port 54883

###!!! [Parent][PGPUParent] Error: RunMessage(msgname=PGPU::Msg_ShutdownVR) Channel closing: too late to send/recv, messages will be lost

1644768341216	geckodriver	INFO	Listening on 127.0.0.1:50538
1644768344266	mozrunner::runner	INFO	Running command: "C:\\Program Files\\Mozilla Firefox\\firefox.exe" "--marionette" "--remote-debugging-port" "50539" "-no-remote" "-profile" "C:\\Users\\guimo\\AppData\\Local\\Temp\\rust_mozprofilesBI8yk"
1644768345150	Marionette	INFO	Marionette enabled
console.warn: SearchSettings: "get: No settings file exists, new profile?" (new NotFoundError("Could not open the file at C:\\Users\\guimo\\AppData\\Local\\Temp\\rust_mozprofilesBI8yk\\search.json.mozlz4", (void 0)))
DevTools listening on ws://localhost:50539/devtools/browser/d78e7b9c-f593-4955-8036-65d021acbd34
1644768347153	Marionette	INFO	Listening on port 50544
1644768347462	RemoteAgent	WARN	TLS certificate errors will be ignored for this session
1644768370218	Marionette	INFO	Stopped listening on port 50544
console.warn: TopSitesFeed: Failed to fetch data from Contile server: NetworkError when attempting to fetch resource.

###!!! [Parent][PGPUParent] Error: RunMessage(msgname=PGPU::Msg_ShutdownVR) Channel closing: too late to send/recv, messages will be lost

1644768391881	geckodriver	INFO	Listening on 127.0.0.1:54781
1644768394916	mozrunner::runner	INFO	Running command: "C:\\Program Files\\Mozilla Firefox\\firefox.exe" "--marionette" "--remote-debugging-port" "54782" "-no-remote" "-profile" "C:\\Users\\guimo\\AppData\\Local\\Temp\\rust_mozprofilerztWdF"
1644768395317	Marionette	INFO	Marionette enabled
console.warn: SearchSettings: "get: No settings file exists, new profile?" (new NotFoundError("Could not open the file at C:\\Users\\guimo\\AppData\\Local\\Temp\\rust_mozprofilerztWdF\\search.json.mozlz4", (void 0)))
DevTools listening on ws://localhost:54782/devtools/browser/fe28a075-cd9e-4037-b52a-6ca9a8a7aa42
1644768397018	Marionette	INFO	Listening on port 54787
1644768397074	RemoteAgent	WARN	TLS certificate errors will be ignored for this session
1644768617548	Marionette	INFO	Stopped listening on port 54787
console.warn: TopSitesFeed: Failed to fetch data from Contile server: NetworkError when attempting to fetch resource.

###!!! [Parent][PGPUParent] Error: RunMessage(msgname=PGPU::Msg_ShutdownVR) Channel closing: too late to send/recv, messages will be lost

